

Started GET "/" for ::1 at 2017-05-15 22:22:28 +0530
Processing by Rails::WelcomeController#index as HTML
  Rendered /Users/akash.bansal/.rvm/gems/ruby-2.3.0/gems/railties-4.2.5.2/lib/rails/templates/rails/welcome/index.html.erb (1.5ms)
Completed 200 OK in 17ms (Views: 9.2ms | ActiveRecord: 0.0ms)


Started GET "/" for ::1 at 2017-05-17 23:53:05 +0530
Processing by Rails::WelcomeController#index as HTML
  Rendered /Users/akash.bansal/.rvm/gems/ruby-2.3.0/gems/railties-4.2.5.2/lib/rails/templates/rails/welcome/index.html.erb (1.8ms)
Completed 200 OK in 18ms (Views: 9.3ms | ActiveRecord: 0.0ms)


Started GET "/static_pages/index" for ::1 at 2017-05-17 23:53:14 +0530
Processing by StaticPagesController#index as HTML
  Rendered static_pages/index.html.erb within layouts/application (0.3ms)
Completed 200 OK in 411ms (Views: 410.6ms | ActiveRecord: 0.0ms)


Started GET "/assets/static_pages.self-e3b0c44298fc1c149afbf4c8996fb92427ae41e4649b934ca495991b7852b855.css?body=1" for ::1 at 2017-05-17 23:53:15 +0530


Started GET "/assets/jquery.self-bd7ddd393353a8d2480a622e80342adf488fb6006d667e8b42e4c0073393abee.js?body=1" for ::1 at 2017-05-17 23:53:15 +0530


Started GET "/assets/application.self-e80e8f2318043e8af94dddc2adad5a4f09739a8ebb323b3ab31cd71d45fd9113.css?body=1" for ::1 at 2017-05-17 23:53:15 +0530


Started GET "/assets/jquery_ujs.self-784a997f6726036b1993eb2217c9cb558e1cbb801c6da88105588c56f13b466a.js?body=1" for ::1 at 2017-05-17 23:53:15 +0530


Started GET "/assets/turbolinks.self-1d1fddf91adc38ac2045c51f0a3e05ca97d07d24d15a4dcbf705009106489e69.js?body=1" for ::1 at 2017-05-17 23:53:15 +0530


Started GET "/assets/application.self-3b8dabdc891efe46b9a144b400ad69e37d7e5876bdc39dee783419a69d7ca819.js?body=1" for ::1 at 2017-05-17 23:53:15 +0530


Started GET "/assets/static_pages.self-877aef30ae1b040ab8a3aba4e3e309a11d7f2612f44dde450b5c157aa5f95c05.js?body=1" for ::1 at 2017-05-17 23:53:15 +0530


Started GET "/" for ::1 at 2017-05-17 23:56:14 +0530
DEPRECATION WARNING: Defining a route where `to` is a controller without an action is deprecated. Please change `to: 'static_pages/index'` to `controller: 'static_pages/index'`. (called from block in <top (required)> at /Users/akash.bansal/TestProject/config/routes.rb:8)

ArgumentError (Missing :action key on routes definition, please check your routes.):
  config/routes.rb:8:in `block in <top (required)>'
  config/routes.rb:1:in `<top (required)>'


  Rendered /Users/akash.bansal/.rvm/gems/ruby-2.3.0/gems/actionpack-4.2.5.2/lib/action_dispatch/middleware/templates/rescues/_source.erb (4.0ms)
  Rendered /Users/akash.bansal/.rvm/gems/ruby-2.3.0/gems/actionpack-4.2.5.2/lib/action_dispatch/middleware/templates/rescues/_trace.html.erb (2.1ms)
  Rendered /Users/akash.bansal/.rvm/gems/ruby-2.3.0/gems/actionpack-4.2.5.2/lib/action_dispatch/middleware/templates/rescues/_request_and_response.html.erb (1.1ms)
  Rendered /Users/akash.bansal/.rvm/gems/ruby-2.3.0/gems/actionpack-4.2.5.2/lib/action_dispatch/middleware/templates/rescues/diagnostics.html.erb within rescues/layout (50.2ms)
  Rendered /Users/akash.bansal/.rvm/gems/ruby-2.3.0/gems/web-console-2.3.0/lib/web_console/templates/_markup.html.erb (0.4ms)
  Rendered /Users/akash.bansal/.rvm/gems/ruby-2.3.0/gems/web-console-2.3.0/lib/web_console/templates/_inner_console_markup.html.erb within layouts/inlined_string (0.5ms)
  Rendered /Users/akash.bansal/.rvm/gems/ruby-2.3.0/gems/web-console-2.3.0/lib/web_console/templates/_prompt_box_markup.html.erb within layouts/inlined_string (0.5ms)
  Rendered /Users/akash.bansal/.rvm/gems/ruby-2.3.0/gems/web-console-2.3.0/lib/web_console/templates/style.css.erb within layouts/inlined_string (0.6ms)
  Rendered /Users/akash.bansal/.rvm/gems/ruby-2.3.0/gems/web-console-2.3.0/lib/web_console/templates/console.js.erb within layouts/javascript (53.7ms)
  Rendered /Users/akash.bansal/.rvm/gems/ruby-2.3.0/gems/web-console-2.3.0/lib/web_console/templates/main.js.erb within layouts/javascript (0.3ms)
  Rendered /Users/akash.bansal/.rvm/gems/ruby-2.3.0/gems/web-console-2.3.0/lib/web_console/templates/error_page.js.erb within layouts/javascript (0.5ms)
  Rendered /Users/akash.bansal/.rvm/gems/ruby-2.3.0/gems/web-console-2.3.0/lib/web_console/templates/index.html.erb (126.1ms)


Started GET "/" for ::1 at 2017-05-17 23:56:24 +0530
Processing by StaticPagesController#index as HTML
  Rendered static_pages/index.html.erb within layouts/application (0.1ms)
Completed 200 OK in 25ms (Views: 24.6ms | ActiveRecord: 0.0ms)


Started GET "/" for ::1 at 2017-05-18 00:02:21 +0530
Processing by StaticPagesController#index as HTML
  Rendered static_pages/index.html.erb within layouts/application (0.0ms)
Completed 200 OK in 27ms (Views: 26.4ms | ActiveRecord: 0.0ms)


Started GET "/" for ::1 at 2017-05-18 00:04:19 +0530
Processing by StaticPagesController#index as HTML
  Rendered static_pages/index.html.erb within layouts/application (0.0ms)
Completed 200 OK in 27ms (Views: 26.1ms | ActiveRecord: 0.0ms)


Started GET "/" for ::1 at 2017-05-18 00:10:45 +0530
Processing by StaticPagesController#index as HTML
  Rendered static_pages/index.html.erb within layouts/application (1.3ms)
Completed 200 OK in 302ms (Views: 293.6ms | ActiveRecord: 0.0ms)


Started GET "/assets/hello_pages.self-e3b0c44298fc1c149afbf4c8996fb92427ae41e4649b934ca495991b7852b855.css?body=1" for ::1 at 2017-05-18 00:10:46 +0530


Started GET "/assets/hello_pages.self-877aef30ae1b040ab8a3aba4e3e309a11d7f2612f44dde450b5c157aa5f95c05.js?body=1" for ::1 at 2017-05-18 00:10:46 +0530


Started GET "/hello_pages/index" for ::1 at 2017-05-18 00:10:59 +0530
Processing by HelloPagesController#index as HTML
  Rendered hello_pages/index.html.erb within layouts/application (0.3ms)
Completed 200 OK in 16ms (Views: 15.1ms | ActiveRecord: 0.0ms)


Started GET "/hello_pages/index" for ::1 at 2017-05-18 00:11:00 +0530
Processing by HelloPagesController#index as HTML
  Rendered hello_pages/index.html.erb within layouts/application (0.0ms)
Completed 200 OK in 15ms (Views: 14.2ms | ActiveRecord: 0.0ms)


Started GET "/hello_pages/index" for ::1 at 2017-05-18 00:11:10 +0530
Processing by HelloPagesController#index as HTML
  Rendered hello_pages/index.html.erb within layouts/application (0.3ms)
Completed 200 OK in 30ms (Views: 29.2ms | ActiveRecord: 0.0ms)


Started GET "/hello_pages/index" for ::1 at 2017-05-18 00:12:10 +0530
Processing by HelloPagesController#index as HTML
  Rendered hello_pages/index.html.erb within layouts/application (0.1ms)
Completed 200 OK in 21ms (Views: 20.3ms | ActiveRecord: 0.0ms)


Started GET "/" for ::1 at 2017-05-18 00:12:13 +0530
Processing by StaticPagesController#index as HTML
  Rendered static_pages/index.html.erb within layouts/application (0.9ms)
Completed 200 OK in 23ms (Views: 21.9ms | ActiveRecord: 0.0ms)


Started GET "/" for ::1 at 2017-05-18 00:13:16 +0530
Processing by StaticPagesController#index as HTML
  Rendered static_pages/index.html.erb within layouts/application (0.5ms)
Completed 200 OK in 20ms (Views: 19.1ms | ActiveRecord: 0.0ms)


Started GET "/" for ::1 at 2017-05-18 00:15:36 +0530
Processing by StaticPagesController#index as HTML
  Rendered static_pages/index.html.erb within layouts/application (1.2ms)
Completed 200 OK in 199ms (Views: 188.2ms | ActiveRecord: 0.0ms)


Started GET "/" for ::1 at 2017-05-18 00:15:37 +0530
Processing by StaticPagesController#index as HTML
  Rendered static_pages/index.html.erb within layouts/application (0.0ms)
Completed 200 OK in 12ms (Views: 11.7ms | ActiveRecord: 0.0ms)


Started GET "/" for ::1 at 2017-05-18 00:15:37 +0530
Processing by StaticPagesController#index as HTML
  Rendered static_pages/index.html.erb within layouts/application (0.0ms)
Completed 200 OK in 13ms (Views: 13.0ms | ActiveRecord: 0.0ms)


Started GET "/static_pages/abot" for ::1 at 2017-05-18 00:15:42 +0530

ActionController::RoutingError (No route matches [GET] "/static_pages/abot"):
  actionpack (4.2.5.2) lib/action_dispatch/middleware/debug_exceptions.rb:21:in `call'
  web-console (2.3.0) lib/web_console/middleware.rb:28:in `block in call'
  web-console (2.3.0) lib/web_console/middleware.rb:18:in `catch'
  web-console (2.3.0) lib/web_console/middleware.rb:18:in `call'
  actionpack (4.2.5.2) lib/action_dispatch/middleware/show_exceptions.rb:30:in `call'
  railties (4.2.5.2) lib/rails/rack/logger.rb:38:in `call_app'
  railties (4.2.5.2) lib/rails/rack/logger.rb:20:in `block in call'
  activesupport (4.2.5.2) lib/active_support/tagged_logging.rb:68:in `block in tagged'
  activesupport (4.2.5.2) lib/active_support/tagged_logging.rb:26:in `tagged'
  activesupport (4.2.5.2) lib/active_support/tagged_logging.rb:68:in `tagged'
  railties (4.2.5.2) lib/rails/rack/logger.rb:20:in `call'
  actionpack (4.2.5.2) lib/action_dispatch/middleware/request_id.rb:21:in `call'
  rack (1.6.7) lib/rack/methodoverride.rb:22:in `call'
  rack (1.6.7) lib/rack/runtime.rb:18:in `call'
  activesupport (4.2.5.2) lib/active_support/cache/strategy/local_cache_middleware.rb:28:in `call'
  rack (1.6.7) lib/rack/lock.rb:17:in `call'
  actionpack (4.2.5.2) lib/action_dispatch/middleware/static.rb:116:in `call'
  rack (1.6.7) lib/rack/sendfile.rb:113:in `call'
  railties (4.2.5.2) lib/rails/engine.rb:518:in `call'
  railties (4.2.5.2) lib/rails/application.rb:165:in `call'
  rack (1.6.7) lib/rack/lock.rb:17:in `call'
  rack (1.6.7) lib/rack/content_length.rb:15:in `call'
  rack (1.6.7) lib/rack/handler/webrick.rb:88:in `service'
  /Users/akash.bansal/.rvm/rubies/ruby-2.3.0/lib/ruby/2.3.0/webrick/httpserver.rb:140:in `service'
  /Users/akash.bansal/.rvm/rubies/ruby-2.3.0/lib/ruby/2.3.0/webrick/httpserver.rb:96:in `run'
  /Users/akash.bansal/.rvm/rubies/ruby-2.3.0/lib/ruby/2.3.0/webrick/server.rb:296:in `block in start_thread'


  Rendered /Users/akash.bansal/.rvm/gems/ruby-2.3.0/gems/actionpack-4.2.5.2/lib/action_dispatch/middleware/templates/rescues/_trace.html.erb (1.4ms)
  Rendered /Users/akash.bansal/.rvm/gems/ruby-2.3.0/gems/actionpack-4.2.5.2/lib/action_dispatch/middleware/templates/routes/_route.html.erb (1.4ms)
  Rendered /Users/akash.bansal/.rvm/gems/ruby-2.3.0/gems/actionpack-4.2.5.2/lib/action_dispatch/middleware/templates/routes/_table.html.erb (7.9ms)
  Rendered /Users/akash.bansal/.rvm/gems/ruby-2.3.0/gems/actionpack-4.2.5.2/lib/action_dispatch/middleware/templates/rescues/_request_and_response.html.erb (1.4ms)
  Rendered /Users/akash.bansal/.rvm/gems/ruby-2.3.0/gems/actionpack-4.2.5.2/lib/action_dispatch/middleware/templates/rescues/routing_error.html.erb within rescues/layout (74.0ms)
  Rendered /Users/akash.bansal/.rvm/gems/ruby-2.3.0/gems/web-console-2.3.0/lib/web_console/templates/_markup.html.erb (0.6ms)
  Rendered /Users/akash.bansal/.rvm/gems/ruby-2.3.0/gems/web-console-2.3.0/lib/web_console/templates/_inner_console_markup.html.erb within layouts/inlined_string (0.4ms)
  Rendered /Users/akash.bansal/.rvm/gems/ruby-2.3.0/gems/web-console-2.3.0/lib/web_console/templates/_prompt_box_markup.html.erb within layouts/inlined_string (0.2ms)
  Rendered /Users/akash.bansal/.rvm/gems/ruby-2.3.0/gems/web-console-2.3.0/lib/web_console/templates/style.css.erb within layouts/inlined_string (0.3ms)
  Rendered /Users/akash.bansal/.rvm/gems/ruby-2.3.0/gems/web-console-2.3.0/lib/web_console/templates/console.js.erb within layouts/javascript (46.0ms)
  Rendered /Users/akash.bansal/.rvm/gems/ruby-2.3.0/gems/web-console-2.3.0/lib/web_console/templates/main.js.erb within layouts/javascript (0.2ms)
  Rendered /Users/akash.bansal/.rvm/gems/ruby-2.3.0/gems/web-console-2.3.0/lib/web_console/templates/error_page.js.erb within layouts/javascript (0.4ms)
  Rendered /Users/akash.bansal/.rvm/gems/ruby-2.3.0/gems/web-console-2.3.0/lib/web_console/templates/index.html.erb (92.2ms)


Started GET "/static_pages/about" for ::1 at 2017-05-18 00:15:46 +0530
Processing by StaticPagesController#about as HTML
  Rendered static_pages/about.html.erb within layouts/application (0.3ms)
Completed 200 OK in 16ms (Views: 15.1ms | ActiveRecord: 0.0ms)


Started GET "/static_pages/contact" for ::1 at 2017-05-18 00:15:51 +0530
Processing by StaticPagesController#contact as HTML
  Rendered static_pages/contact.html.erb within layouts/application (0.4ms)
Completed 200 OK in 32ms (Views: 31.9ms | ActiveRecord: 0.0ms)


Started GET "/static_pages/contact" for ::1 at 2017-05-18 00:16:23 +0530
Processing by StaticPagesController#contact as HTML
  Rendered static_pages/contact.html.erb within layouts/application (0.0ms)
Completed 200 OK in 20ms (Views: 19.9ms | ActiveRecord: 0.0ms)


Started GET "/static_pages/contact" for ::1 at 2017-05-18 00:16:34 +0530
Processing by StaticPagesController#contact as HTML
  Rendered static_pages/contact.html.erb within layouts/application (0.0ms)
Completed 200 OK in 23ms (Views: 21.9ms | ActiveRecord: 0.0ms)


Started GET "/static_pages/contact" for ::1 at 2017-05-18 00:16:34 +0530
Processing by StaticPagesController#contact as HTML
  Rendered static_pages/contact.html.erb within layouts/application (0.0ms)
Completed 200 OK in 15ms (Views: 14.8ms | ActiveRecord: 0.0ms)


Started GET "/" for ::1 at 2017-05-18 00:16:36 +0530
Processing by StaticPagesController#index as HTML
  Rendered static_pages/index.html.erb within layouts/application (0.2ms)
Completed 200 OK in 15ms (Views: 14.1ms | ActiveRecord: 0.0ms)
